<?xml version="1.0" encoding="UTF-8"?>
<!-- Generated by org.testng.reporters.JUnitReportReporter -->
<testsuite hostname="Bhavani" failures="0" tests="1" name="com.test.LoginTest" time="0.389" errors="0" timestamp="2025-09-19T11:51:14 IST" skipped="0">
  <testcase classname="com.test.LoginTest" name="Login" time="0.389"/>
</testsuite> <!-- com.test.LoginTest -->
