<?xml version="1.0" encoding="UTF-8"?>
<!-- Generated by org.testng.reporters.JUnitReportReporter -->
<testsuite hostname="Bhavani" failures="0" tests="1" name="IndividualFlows.TCHBatchTest" time="4.142" errors="0" timestamp="2025-09-19T11:51:14 IST" skipped="0">
  <testcase classname="IndividualFlows.TCHBatchTest" name="Batchcreation" time="4.142"/>
</testsuite> <!-- IndividualFlows.TCHBatchTest -->
