<?xml version="1.0" encoding="UTF-8"?>
<!-- Generated by org.testng.reporters.JUnitReportReporter -->
<testsuite hostname="Bhavani" failures="0" tests="1" name="IndividualFlows.TCH_ExecutionsSummary" time="78.019" errors="0" timestamp="2025-09-19T11:51:14 IST" skipped="0">
  <testcase classname="IndividualFlows.TCH_ExecutionsSummary" name="TCHBatchExecutionSummaryResults" time="78.019"/>
</testsuite> <!-- IndividualFlows.TCH_ExecutionsSummary -->
